Traceback (most recent call last):
  File "C:\Users\au701230\WPy64-31090\python-3.10.9.amd64\lib\site-packages\jupyter_cache\executors\utils.py", line 58, in single_nb_execution
    executenb(
  File "C:\Users\au701230\WPy64-31090\python-3.10.9.amd64\lib\site-packages\nbclient\client.py", line 1263, in execute
    return NotebookClient(nb=nb, resources=resources, km=km, **kwargs).execute()
  File "C:\Users\au701230\WPy64-31090\python-3.10.9.amd64\lib\site-packages\nbclient\util.py", line 85, in wrapped
    return just_run(coro(*args, **kwargs))
  File "C:\Users\au701230\WPy64-31090\python-3.10.9.amd64\lib\site-packages\nbclient\util.py", line 60, in just_run
    return loop.run_until_complete(coro)
  File "C:\Users\au701230\WPy64-31090\python-3.10.9.amd64\lib\asyncio\base_events.py", line 649, in run_until_complete
    return future.result()
  File "C:\Users\au701230\WPy64-31090\python-3.10.9.amd64\lib\site-packages\nbclient\client.py", line 701, in async_execute
    await self.async_execute_cell(
  File "C:\Users\au701230\WPy64-31090\python-3.10.9.amd64\lib\site-packages\nbclient\client.py", line 1019, in async_execute_cell
    await self._check_raise_for_error(cell, cell_index, exec_reply)
  File "C:\Users\au701230\WPy64-31090\python-3.10.9.amd64\lib\site-packages\nbclient\client.py", line 913, in _check_raise_for_error
    raise CellExecutionError.from_cell_and_msg(cell, exec_reply_content)
nbclient.exceptions.CellExecutionError: An error occurred while executing the following cell:
------------------
from edcrop import edcrop
import os
import pandas as pd
import matplotlib.pyplot as plt
import warnings
warnings.simplefilter(action='ignore', category=FutureWarning)

wdir = os.path.join(os.getcwd(), 'edcrop')

os.chdir(wdir)

yaml = os.path.join(wdir, 'yaml_files/default.yaml')

edcrop.run_model(yaml=yaml)
------------------

[1;31m---------------------------------------------------------------------------[0m
[1;31mTypeError[0m                                 Traceback (most recent call last)
Cell [1;32mIn[1], line 14[0m
[0;32m     10[0m os[38;5;241m.[39mchdir(wdir)
[0;32m     12[0m yaml [38;5;241m=[39m os[38;5;241m.[39mpath[38;5;241m.[39mjoin(wdir, [38;5;124m'[39m[38;5;124myaml_files/default.yaml[39m[38;5;124m'[39m)
[1;32m---> 14[0m [43medcrop[49m[38;5;241;43m.[39;49m[43mrun_model[49m[43m([49m[43myaml[49m[38;5;241;43m=[39;49m[43myaml[49m[43m)[49m

File [1;32m~\WPy64-31090\python-3.10.9.amd64\lib\site-packages\edcrop\edcrop.py:3099[0m, in [0;36mrun_model[1;34m(yaml, log)[0m
[0;32m   3096[0m [38;5;66;03m# Write and plot output[39;00m
[0;32m   3097[0m begin_name [38;5;241m=[39m (clim [38;5;241m+[39m [38;5;124m"[39m[38;5;124m_[39m[38;5;124m"[39m [38;5;241m+[39m soil [38;5;241m+[39m [38;5;124m"[39m[38;5;124m_[39m[38;5;124m"[39m [38;5;241m+[39m crop [38;5;241m+[39m [38;5;124m"[39m[38;5;124m_[39m[38;5;124m"[39m
[0;32m   3098[0m               [38;5;241m+[39m model)
[1;32m-> 3099[0m [43mts[49m[38;5;241;43m.[39;49m[43mprint_from_dictionary[49m[43m([49m[43mbegin_name[49m[43m)[49m
[0;32m   3100[0m [38;5;28;01mif[39;00m mp[38;5;241m.[39mplotseries:
[0;32m   3101[0m     ts[38;5;241m.[39mplot_time_series(sd[38;5;241m.[39msoilname, cd[38;5;241m.[39mcropname, 
[0;32m   3102[0m                         begin_name)

File [1;32m~\WPy64-31090\python-3.10.9.amd64\lib\site-packages\edcrop\edcrop.py:376[0m, in [0;36mTimeSeries.print_from_dictionary[1;34m(self, fname)[0m
[0;32m    372[0m         n[38;5;241m=[39m[38;5;28mlen[39m([38;5;28mself[39m[38;5;241m.[39mprlist_y)
[0;32m    373[0m         [38;5;28;01mif[39;00m n[38;5;241m>[39m[38;5;241m0[39m:
[0;32m    374[0m [38;5;66;03m#            df2=df.resample('A',how=sum)[39;00m
[0;32m    375[0m             [38;5;66;03m#df2.replace('non n')[39;00m
[1;32m--> 376[0m             [38;5;28mself[39m[38;5;241m.[39mdf2[38;5;241m=[39m[38;5;28;43mself[39;49m[38;5;241;43m.[39;49m[43mdf[49m[38;5;241;43m.[39;49m[43mresample[49m[43m([49m[38;5;124;43m'[39;49m[38;5;124;43mA[39;49m[38;5;124;43m'[39;49m[43m)[49m[38;5;241;43m.[39;49m[43msum[49m[43m([49m[43m)[49m
[0;32m    377[0m             colalias[38;5;241m=[39m[]
[0;32m    378[0m             [38;5;28;01mfor[39;00m i [38;5;129;01min[39;00m [38;5;28mrange[39m([38;5;241m0[39m,[38;5;28mlen[39m([38;5;28mself[39m[38;5;241m.[39mprlist_y)):

File [1;32m~\AppData\Roaming\Python\Python310\site-packages\pandas\core\resample.py:1184[0m, in [0;36mResampler.sum[1;34m(self, numeric_only, min_count, *args, **kwargs)[0m
[0;32m   1182[0m maybe_warn_args_and_kwargs([38;5;28mtype[39m([38;5;28mself[39m), [38;5;124m"[39m[38;5;124msum[39m[38;5;124m"[39m, args, kwargs)
[0;32m   1183[0m nv[38;5;241m.[39mvalidate_resampler_func([38;5;124m"[39m[38;5;124msum[39m[38;5;124m"[39m, args, kwargs)
[1;32m-> 1184[0m [38;5;28;01mreturn[39;00m [38;5;28;43mself[39;49m[38;5;241;43m.[39;49m[43m_downsample[49m[43m([49m[38;5;124;43m"[39;49m[38;5;124;43msum[39;49m[38;5;124;43m"[39;49m[43m,[49m[43m [49m[43mnumeric_only[49m[38;5;241;43m=[39;49m[43mnumeric_only[49m[43m,[49m[43m [49m[43mmin_count[49m[38;5;241;43m=[39;49m[43mmin_count[49m[43m)[49m

File [1;32m~\AppData\Roaming\Python\Python310\site-packages\pandas\core\resample.py:1782[0m, in [0;36mDatetimeIndexResampler._downsample[1;34m(self, how, **kwargs)[0m
[0;32m   1779[0m [38;5;66;03m# we are downsampling[39;00m
[0;32m   1780[0m [38;5;66;03m# we want to call the actual grouper method here[39;00m
[0;32m   1781[0m [38;5;28;01mif[39;00m [38;5;28mself[39m[38;5;241m.[39maxis [38;5;241m==[39m [38;5;241m0[39m:
[1;32m-> 1782[0m     result [38;5;241m=[39m obj[38;5;241m.[39mgroupby([38;5;28mself[39m[38;5;241m.[39m_grouper)[38;5;241m.[39maggregate(how, [38;5;241m*[39m[38;5;241m*[39mkwargs)
[0;32m   1783[0m [38;5;28;01melse[39;00m:
[0;32m   1784[0m     [38;5;66;03m# test_resample_axis1[39;00m
[0;32m   1785[0m     result [38;5;241m=[39m obj[38;5;241m.[39mT[38;5;241m.[39mgroupby([38;5;28mself[39m[38;5;241m.[39m_grouper)[38;5;241m.[39maggregate(how, [38;5;241m*[39m[38;5;241m*[39mkwargs)[38;5;241m.[39mT

File [1;32m~\AppData\Roaming\Python\Python310\site-packages\pandas\core\groupby\generic.py:1432[0m, in [0;36mDataFrameGroupBy.aggregate[1;34m(self, func, engine, engine_kwargs, *args, **kwargs)[0m
[0;32m   1429[0m     kwargs[[38;5;124m"[39m[38;5;124mengine_kwargs[39m[38;5;124m"[39m] [38;5;241m=[39m engine_kwargs
[0;32m   1431[0m op [38;5;241m=[39m GroupByApply([38;5;28mself[39m, func, args[38;5;241m=[39margs, kwargs[38;5;241m=[39mkwargs)
[1;32m-> 1432[0m result [38;5;241m=[39m [43mop[49m[38;5;241;43m.[39;49m[43magg[49m[43m([49m[43m)[49m
[0;32m   1433[0m [38;5;28;01mif[39;00m [38;5;129;01mnot[39;00m is_dict_like(func) [38;5;129;01mand[39;00m result [38;5;129;01mis[39;00m [38;5;129;01mnot[39;00m [38;5;28;01mNone[39;00m:
[0;32m   1434[0m     [38;5;66;03m# GH #52849[39;00m
[0;32m   1435[0m     [38;5;28;01mif[39;00m [38;5;129;01mnot[39;00m [38;5;28mself[39m[38;5;241m.[39mas_index [38;5;129;01mand[39;00m is_list_like(func):

File [1;32m~\AppData\Roaming\Python\Python310\site-packages\pandas\core\apply.py:187[0m, in [0;36mApply.agg[1;34m(self)[0m
[0;32m    184[0m kwargs [38;5;241m=[39m [38;5;28mself[39m[38;5;241m.[39mkwargs
[0;32m    186[0m [38;5;28;01mif[39;00m [38;5;28misinstance[39m(func, [38;5;28mstr[39m):
[1;32m--> 187[0m     [38;5;28;01mreturn[39;00m [38;5;28;43mself[39;49m[38;5;241;43m.[39;49m[43mapply_str[49m[43m([49m[43m)[49m
[0;32m    189[0m [38;5;28;01mif[39;00m is_dict_like(func):
[0;32m    190[0m     [38;5;28;01mreturn[39;00m [38;5;28mself[39m[38;5;241m.[39magg_dict_like()

File [1;32m~\AppData\Roaming\Python\Python310\site-packages\pandas\core\apply.py:603[0m, in [0;36mApply.apply_str[1;34m(self)[0m
[0;32m    601[0m         [38;5;28;01melse[39;00m:
[0;32m    602[0m             [38;5;28mself[39m[38;5;241m.[39mkwargs[[38;5;124m"[39m[38;5;124maxis[39m[38;5;124m"[39m] [38;5;241m=[39m [38;5;28mself[39m[38;5;241m.[39maxis
[1;32m--> 603[0m [38;5;28;01mreturn[39;00m [38;5;28mself[39m[38;5;241m.[39m_apply_str(obj, func, [38;5;241m*[39m[38;5;28mself[39m[38;5;241m.[39margs, [38;5;241m*[39m[38;5;241m*[39m[38;5;28mself[39m[38;5;241m.[39mkwargs)

File [1;32m~\AppData\Roaming\Python\Python310\site-packages\pandas\core\apply.py:693[0m, in [0;36mApply._apply_str[1;34m(self, obj, func, *args, **kwargs)[0m
[0;32m    691[0m f [38;5;241m=[39m [38;5;28mgetattr[39m(obj, func)
[0;32m    692[0m [38;5;28;01mif[39;00m callable(f):
[1;32m--> 693[0m     [38;5;28;01mreturn[39;00m f([38;5;241m*[39margs, [38;5;241m*[39m[38;5;241m*[39mkwargs)
[0;32m    695[0m [38;5;66;03m# people may aggregate on a non-callable attribute[39;00m
[0;32m    696[0m [38;5;66;03m# but don't let them think they can pass args to it[39;00m
[0;32m    697[0m [38;5;28;01massert[39;00m [38;5;28mlen[39m(args) [38;5;241m==[39m [38;5;241m0[39m

File [1;32m~\AppData\Roaming\Python\Python310\site-packages\pandas\core\groupby\groupby.py:3146[0m, in [0;36mGroupBy.sum[1;34m(self, numeric_only, min_count, engine, engine_kwargs)[0m
[0;32m   3141[0m [38;5;28;01melse[39;00m:
[0;32m   3142[0m     [38;5;66;03m# If we are grouping on categoricals we want unobserved categories to[39;00m
[0;32m   3143[0m     [38;5;66;03m# return zero, rather than the default of NaN which the reindexing in[39;00m
[0;32m   3144[0m     [38;5;66;03m# _agg_general() returns. GH #31422[39;00m
[0;32m   3145[0m     [38;5;28;01mwith[39;00m com[38;5;241m.[39mtemp_setattr([38;5;28mself[39m, [38;5;124m"[39m[38;5;124mobserved[39m[38;5;124m"[39m, [38;5;28;01mTrue[39;00m):
[1;32m-> 3146[0m         result [38;5;241m=[39m [38;5;28;43mself[39;49m[38;5;241;43m.[39;49m[43m_agg_general[49m[43m([49m
[0;32m   3147[0m [43m            [49m[43mnumeric_only[49m[38;5;241;43m=[39;49m[43mnumeric_only[49m[43m,[49m
[0;32m   3148[0m [43m            [49m[43mmin_count[49m[38;5;241;43m=[39;49m[43mmin_count[49m[43m,[49m
[0;32m   3149[0m [43m            [49m[43malias[49m[38;5;241;43m=[39;49m[38;5;124;43m"[39;49m[38;5;124;43msum[39;49m[38;5;124;43m"[39;49m[43m,[49m
[0;32m   3150[0m [43m            [49m[43mnpfunc[49m[38;5;241;43m=[39;49m[43mnp[49m[38;5;241;43m.[39;49m[43msum[49m[43m,[49m
[0;32m   3151[0m [43m        [49m[43m)[49m
[0;32m   3153[0m     [38;5;28;01mreturn[39;00m [38;5;28mself[39m[38;5;241m.[39m_reindex_output(result, fill_value[38;5;241m=[39m[38;5;241m0[39m)

File [1;32m~\AppData\Roaming\Python\Python310\site-packages\pandas\core\groupby\groupby.py:1906[0m, in [0;36mGroupBy._agg_general[1;34m(self, numeric_only, min_count, alias, npfunc, **kwargs)[0m
[0;32m   1896[0m [38;5;129m@final[39m
[0;32m   1897[0m [38;5;28;01mdef[39;00m [38;5;21m_agg_general[39m(
[0;32m   1898[0m     [38;5;28mself[39m,
[1;32m   (...)[0m
[0;32m   1904[0m     [38;5;241m*[39m[38;5;241m*[39mkwargs,
[0;32m   1905[0m ):
[1;32m-> 1906[0m     result [38;5;241m=[39m [38;5;28mself[39m[38;5;241m.[39m_cython_agg_general(
[0;32m   1907[0m         how[38;5;241m=[39malias,
[0;32m   1908[0m         alt[38;5;241m=[39mnpfunc,
[0;32m   1909[0m         numeric_only[38;5;241m=[39mnumeric_only,
[0;32m   1910[0m         min_count[38;5;241m=[39mmin_count,
[0;32m   1911[0m         [38;5;241m*[39m[38;5;241m*[39mkwargs,
[0;32m   1912[0m     )
[0;32m   1913[0m     [38;5;28;01mreturn[39;00m result[38;5;241m.[39m__finalize__([38;5;28mself[39m[38;5;241m.[39mobj, method[38;5;241m=[39m[38;5;124m"[39m[38;5;124mgroupby[39m[38;5;124m"[39m)

File [1;32m~\AppData\Roaming\Python\Python310\site-packages\pandas\core\groupby\groupby.py:1998[0m, in [0;36mGroupBy._cython_agg_general[1;34m(self, how, alt, numeric_only, min_count, **kwargs)[0m
[0;32m   1995[0m     result [38;5;241m=[39m [38;5;28mself[39m[38;5;241m.[39m_agg_py_fallback(how, values, ndim[38;5;241m=[39mdata[38;5;241m.[39mndim, alt[38;5;241m=[39malt)
[0;32m   1996[0m     [38;5;28;01mreturn[39;00m result
[1;32m-> 1998[0m new_mgr [38;5;241m=[39m [43mdata[49m[38;5;241;43m.[39;49m[43mgrouped_reduce[49m[43m([49m[43marray_func[49m[43m)[49m
[0;32m   1999[0m res [38;5;241m=[39m [38;5;28mself[39m[38;5;241m.[39m_wrap_agged_manager(new_mgr)
[0;32m   2000[0m [38;5;28;01mif[39;00m how [38;5;129;01min[39;00m [[38;5;124m"[39m[38;5;124midxmin[39m[38;5;124m"[39m, [38;5;124m"[39m[38;5;124midxmax[39m[38;5;124m"[39m]:

File [1;32m~\AppData\Roaming\Python\Python310\site-packages\pandas\core\internals\managers.py:1472[0m, in [0;36mBlockManager.grouped_reduce[1;34m(self, func)[0m
[0;32m   1470[0m             result_blocks [38;5;241m=[39m extend_blocks(applied, result_blocks)
[0;32m   1471[0m     [38;5;28;01melse[39;00m:
[1;32m-> 1472[0m         applied [38;5;241m=[39m [43mblk[49m[38;5;241;43m.[39;49m[43mapply[49m[43m([49m[43mfunc[49m[43m)[49m
[0;32m   1473[0m         result_blocks [38;5;241m=[39m extend_blocks(applied, result_blocks)
[0;32m   1475[0m [38;5;28;01mif[39;00m [38;5;28mlen[39m(result_blocks) [38;5;241m==[39m [38;5;241m0[39m:

File [1;32m~\AppData\Roaming\Python\Python310\site-packages\pandas\core\internals\blocks.py:393[0m, in [0;36mBlock.apply[1;34m(self, func, **kwargs)[0m
[0;32m    387[0m [38;5;129m@final[39m
[0;32m    388[0m [38;5;28;01mdef[39;00m [38;5;21mapply[39m([38;5;28mself[39m, func, [38;5;241m*[39m[38;5;241m*[39mkwargs) [38;5;241m-[39m[38;5;241m>[39m [38;5;28mlist[39m[Block]:
[0;32m    389[0m     [38;5;124;03m"""[39;00m
[0;32m    390[0m [38;5;124;03m    apply the function to my values; return a block if we are not[39;00m
[0;32m    391[0m [38;5;124;03m    one[39;00m
[0;32m    392[0m [38;5;124;03m    """[39;00m
[1;32m--> 393[0m     result [38;5;241m=[39m func([38;5;28mself[39m[38;5;241m.[39mvalues, [38;5;241m*[39m[38;5;241m*[39mkwargs)
[0;32m    395[0m     result [38;5;241m=[39m maybe_coerce_values(result)
[0;32m    396[0m     [38;5;28;01mreturn[39;00m [38;5;28mself[39m[38;5;241m.[39m_split_op_result(result)

File [1;32m~\AppData\Roaming\Python\Python310\site-packages\pandas\core\groupby\groupby.py:1973[0m, in [0;36mGroupBy._cython_agg_general.<locals>.array_func[1;34m(values)[0m
[0;32m   1971[0m [38;5;28;01mdef[39;00m [38;5;21marray_func[39m(values: ArrayLike) [38;5;241m-[39m[38;5;241m>[39m ArrayLike:
[0;32m   1972[0m     [38;5;28;01mtry[39;00m:
[1;32m-> 1973[0m         result [38;5;241m=[39m [38;5;28mself[39m[38;5;241m.[39m_grouper[38;5;241m.[39m_cython_operation(
[0;32m   1974[0m             [38;5;124m"[39m[38;5;124maggregate[39m[38;5;124m"[39m,
[0;32m   1975[0m             values,
[0;32m   1976[0m             how,
[0;32m   1977[0m             axis[38;5;241m=[39mdata[38;5;241m.[39mndim [38;5;241m-[39m [38;5;241m1[39m,
[0;32m   1978[0m             min_count[38;5;241m=[39mmin_count,
[0;32m   1979[0m             [38;5;241m*[39m[38;5;241m*[39mkwargs,
[0;32m   1980[0m         )
[0;32m   1981[0m     [38;5;28;01mexcept[39;00m [38;5;167;01mNotImplementedError[39;00m:
[0;32m   1982[0m         [38;5;66;03m# generally if we have numeric_only=False[39;00m
[0;32m   1983[0m         [38;5;66;03m# and non-applicable functions[39;00m
[0;32m   1984[0m         [38;5;66;03m# try to python agg[39;00m
[0;32m   1985[0m         [38;5;66;03m# TODO: shouldn't min_count matter?[39;00m
[0;32m   1986[0m         [38;5;66;03m# TODO: avoid special casing SparseArray here[39;00m
[0;32m   1987[0m         [38;5;28;01mif[39;00m how [38;5;129;01min[39;00m [[38;5;124m"[39m[38;5;124many[39m[38;5;124m"[39m, [38;5;124m"[39m[38;5;124mall[39m[38;5;124m"[39m] [38;5;129;01mand[39;00m [38;5;28misinstance[39m(values, SparseArray):

File [1;32m~\AppData\Roaming\Python\Python310\site-packages\pandas\core\groupby\ops.py:831[0m, in [0;36mBaseGrouper._cython_operation[1;34m(self, kind, values, how, axis, min_count, **kwargs)[0m
[0;32m    829[0m ids, _, _ [38;5;241m=[39m [38;5;28mself[39m[38;5;241m.[39mgroup_info
[0;32m    830[0m ngroups [38;5;241m=[39m [38;5;28mself[39m[38;5;241m.[39mngroups
[1;32m--> 831[0m [38;5;28;01mreturn[39;00m cy_op[38;5;241m.[39mcython_operation(
[0;32m    832[0m     values[38;5;241m=[39mvalues,
[0;32m    833[0m     axis[38;5;241m=[39maxis,
[0;32m    834[0m     min_count[38;5;241m=[39mmin_count,
[0;32m    835[0m     comp_ids[38;5;241m=[39mids,
[0;32m    836[0m     ngroups[38;5;241m=[39mngroups,
[0;32m    837[0m     [38;5;241m*[39m[38;5;241m*[39mkwargs,
[0;32m    838[0m )

File [1;32m~\AppData\Roaming\Python\Python310\site-packages\pandas\core\groupby\ops.py:541[0m, in [0;36mWrappedCythonOp.cython_operation[1;34m(self, values, axis, min_count, comp_ids, ngroups, **kwargs)[0m
[0;32m    537[0m [38;5;28mself[39m[38;5;241m.[39m_validate_axis(axis, values)
[0;32m    539[0m [38;5;28;01mif[39;00m [38;5;129;01mnot[39;00m [38;5;28misinstance[39m(values, np[38;5;241m.[39mndarray):
[0;32m    540[0m     [38;5;66;03m# i.e. ExtensionArray[39;00m
[1;32m--> 541[0m     [38;5;28;01mreturn[39;00m values[38;5;241m.[39m_groupby_op(
[0;32m    542[0m         how[38;5;241m=[39m[38;5;28mself[39m[38;5;241m.[39mhow,
[0;32m    543[0m         has_dropped_na[38;5;241m=[39m[38;5;28mself[39m[38;5;241m.[39mhas_dropped_na,
[0;32m    544[0m         min_count[38;5;241m=[39mmin_count,
[0;32m    545[0m         ngroups[38;5;241m=[39mngroups,
[0;32m    546[0m         ids[38;5;241m=[39mcomp_ids,
[0;32m    547[0m         [38;5;241m*[39m[38;5;241m*[39mkwargs,
[0;32m    548[0m     )
[0;32m    550[0m [38;5;28;01mreturn[39;00m [38;5;28mself[39m[38;5;241m.[39m_cython_op_ndim_compat(
[0;32m    551[0m     values,
[0;32m    552[0m     min_count[38;5;241m=[39mmin_count,
[1;32m   (...)[0m
[0;32m    556[0m     [38;5;241m*[39m[38;5;241m*[39mkwargs,
[0;32m    557[0m )

File [1;32m~\AppData\Roaming\Python\Python310\site-packages\pandas\core\arrays\datetimelike.py:1669[0m, in [0;36mDatetimeLikeArrayMixin._groupby_op[1;34m(self, how, has_dropped_na, min_count, ngroups, ids, **kwargs)[0m
[0;32m   1666[0m [38;5;28;01mif[39;00m dtype[38;5;241m.[39mkind [38;5;241m==[39m [38;5;124m"[39m[38;5;124mM[39m[38;5;124m"[39m:
[0;32m   1667[0m     [38;5;66;03m# Adding/multiplying datetimes is not valid[39;00m
[0;32m   1668[0m     [38;5;28;01mif[39;00m how [38;5;129;01min[39;00m [[38;5;124m"[39m[38;5;124msum[39m[38;5;124m"[39m, [38;5;124m"[39m[38;5;124mprod[39m[38;5;124m"[39m, [38;5;124m"[39m[38;5;124mcumsum[39m[38;5;124m"[39m, [38;5;124m"[39m[38;5;124mcumprod[39m[38;5;124m"[39m, [38;5;124m"[39m[38;5;124mvar[39m[38;5;124m"[39m, [38;5;124m"[39m[38;5;124mskew[39m[38;5;124m"[39m]:
[1;32m-> 1669[0m         [38;5;28;01mraise[39;00m [38;5;167;01mTypeError[39;00m([38;5;124mf[39m[38;5;124m"[39m[38;5;124mdatetime64 type does not support [39m[38;5;132;01m{[39;00mhow[38;5;132;01m}[39;00m[38;5;124m operations[39m[38;5;124m"[39m)
[0;32m   1670[0m     [38;5;28;01mif[39;00m how [38;5;129;01min[39;00m [[38;5;124m"[39m[38;5;124many[39m[38;5;124m"[39m, [38;5;124m"[39m[38;5;124mall[39m[38;5;124m"[39m]:
[0;32m   1671[0m         [38;5;66;03m# GH#34479[39;00m
[0;32m   1672[0m         warnings[38;5;241m.[39mwarn(
[0;32m   1673[0m             [38;5;124mf[39m[38;5;124m"[39m[38;5;124m'[39m[38;5;132;01m{[39;00mhow[38;5;132;01m}[39;00m[38;5;124m'[39m[38;5;124m with datetime64 dtypes is deprecated and will raise in a [39m[38;5;124m"[39m
[0;32m   1674[0m             [38;5;124mf[39m[38;5;124m"[39m[38;5;124mfuture version. Use (obj != pd.Timestamp(0)).[39m[38;5;132;01m{[39;00mhow[38;5;132;01m}[39;00m[38;5;124m() instead.[39m[38;5;124m"[39m,
[0;32m   1675[0m             [38;5;167;01mFutureWarning[39;00m,
[0;32m   1676[0m             stacklevel[38;5;241m=[39mfind_stack_level(),
[0;32m   1677[0m         )

[1;31mTypeError[0m: datetime64 type does not support sum operations
TypeError: datetime64 type does not support sum operations

